This is pdfTeX, Version 3.14159265-2.6-1.40.17 (TeX Live 2016) (preloaded format=pdflatex 2016.5.22)  26 JUN 2020 11:36
entering extended mode
 restricted \write18 enabled.
 file:line:error style messages enabled.
 %&-line parsing enabled.
**"/Volumes/SD/Google Drive/research/PEACHES/manuscript/peaches.tex"
(/Volumes/SD/Google Drive/research/PEACHES/manuscript/peaches.tex
LaTeX2e <2016/03/31>
Babel <3.9r> and hyphenation patterns for 83 language(s) loaded.
(/Volumes/SD/Google Drive/research/PEACHES/manuscript/aastex62.cls
Document Class: aastex62 2017/10/16 Version 6.2/AAS markup document class
Class aastex Info: 
 
 Original \LaTeX2.09 style by Chris Biemesderfer (chris@seagoat.com). 
 Adapted to \LaTeXe by A. Ogawa (ogawa@teleport.com)
 emulateapj.cls included, Copyright 2000-2015 Alexey Vikhlinin 
 Rewrite and update of emulateapj.cls, revised and enhanced with table macros, gridlines, draft watermark,
 track changes, new `modern' style and much more, by Amy Hendrickson,
 (amyh@texnology.com, http://www.texnology.com) 
 
  on input line 105.
\bibbaselineskip=\skip41
(/Users/yaolun/Library/texmf/tex/latex/revtex/revtex4-1.cls
Document Class: revtex4-1 2010/07/25/20:33:00 4.1r (http://publish.aps.org/revtex4/ for documentation)
 Copyright (c) 2009 The American Physical Society.
 mailto:revtex@aps.org
 Licensed under the LPPL:
http://www.ctan.org/tex-archive/macros/latex/base/lppl.txt
 Arthur Ogawa <arthur_ogawa at sbcglobal dot net>
 Based on work by David Carlisle <david at dcarlisle.demon.co.uk>.
ltxutil[2010/07/25/20:33:00 4.1r utilities package (portions licensed from W. E. Baxter web at superscript.com)]
LaTeX Info: Redefining \@centercr on input line 308.
Class revtex4-1 Info: Repairing broken LaTeX eqnarray on input line 358.
\eqncolsep=\skip42
Class revtex4-1 Info: Repairing hyperref-unfriendly LaTeX definition of \mpfootnote on input line 433.
Class revtex4-1 Info: Repairing broken LateX \@sect on input line 755.
\intertabularlinepenalty=\count79
\@tbpen=\count80
\@arstrutbox@hline=\box26
Class revtex4-1 Info: Repairing broken LaTeX \@xbitor on input line 1786.
Class revtex4-1 Info: Making \typeout \long on input line 2046.
ltxfront[2010/07/25/20:33:00 4.1r frontmatter package (AO,DPC)]
\c@affil=\count81
\c@collab=\count82
\absbox=\box27
ltxgrid[2010/07/25/20:33:00 4.1r page grid package (portions licensed from W. E. Baxter web at superscript.com)]
\c@linecount=\count83
\output@latex=\toks14
\box@size@1=\box28
\box@size@2=\box29
\@protection@box=\box30
\@topmark@saved=\toks15
\footins@saved=\box31
\footins@recovered=\box32
\column@recovered=\box33
\pagesofar=\box34
\footsofar=\box35
\pagegrid@col=\count84
Class revtex4-1 Info: Overriding \@vspace, \@vspacer, \@no@pgbk, \@newline, and \\  on input line 5578.
\c@part=\count85
\c@section=\count86
\c@subsection=\count87
\c@subsubsection=\count88
\c@paragraph=\count89
\c@subparagraph=\count90
\abovecaptionskip=\skip43
\belowcaptionskip=\skip44
\c@figure=\count91
\fbox@1=\box36
\c@table=\count92
\fbox@2=\box37
\c@video=\count93
\fbox@4=\box38
\@bibdataout=\write3
\widetext@top=\box39
\widetext@bot=\box40
Class revtex4-1 Info: Selecting society aps on input line 7542.
(/Users/yaolun/Library/texmf/tex/latex/revtex/aps4-1.rtx
File: aps4-1 2010/07/25/20:33:00 4.1r (http://publish.aps.org/revtex4/ for documentation)
Class revtex4-1 Info: RevTeX society APS selected on input line 31.
)
Class revtex4-1 Info: Selecting journal pra on input line 7544.
Class revtex4-1 Info: APS journal PRA selected on input line 7545.
 (/Users/yaolun/Library/texmf/tex/latex/revtex/aps10pt4-1.rtx
File: aps10pt4-1 2010/07/25/20:33:00 4.1r (http://publish.aps.org/revtex4/ for documentation)
Class revtex4-1 Info: RevTeX pointsize 10pt selected on input line 30.
) (/usr/local/texlive/2016/texmf-dist/tex/latex/textcase/textcase.sty
Package: textcase 2004/10/07 v0.07 Text only upper/lower case changing (DPC)
) (/usr/local/texlive/2016/texmf-dist/tex/latex/url/url.sty
\Urlmuskip=\muskip10
Package: url 2013/09/16  ver 3.4  Verb mode for urls, etc.
) (/Users/yaolun/Library/texmf/tex/latex/natbib.sty
Package: natbib 2010/09/13 8.31b (PWD, AO)
\bibhang=\skip45
\bibsep=\skip46
LaTeX Info: Redefining \cite on input line 694.
\c@NAT@ctr=\count94
)
Class revtex4-1 Info: Repairing natbib's \BibitemShut on input line 7549.
 (/Users/yaolun/Library/texmf/tex/latex/revtex/revsymb4-1.sty
Package: revsymb4-1 2010/07/25/20:33:00 4.1r (http://publish.aps.org/revtex4/ for documentation)
LaTeX Info: Redefining \REV@mathfrak on input line 119.
)) (/usr/local/texlive/2016/texmf-dist/tex/latex/base/latexsym.sty
Package: latexsym 1998/08/17 v2.2e Standard LaTeX package (lasy symbols)
\symlasy=\mathgroup4
LaTeX Font Info:    Overwriting symbol font `lasy' in version `bold'
(Font)                  U/lasy/m/n --> U/lasy/b/n on input line 52.
) (/usr/local/texlive/2016/texmf-dist/tex/latex/graphics/graphicx.sty
Package: graphicx 2014/10/28 v1.0g Enhanced LaTeX Graphics (DPC,SPQR)
 (/usr/local/texlive/2016/texmf-dist/tex/latex/graphics/keyval.sty
Package: keyval 2014/10/28 v1.15 key=value parser (DPC)
\KV@toks@=\toks16
) (/usr/local/texlive/2016/texmf-dist/tex/latex/graphics/graphics.sty
Package: graphics 2016/05/09 v1.0r Standard LaTeX Graphics (DPC,SPQR)
 (/usr/local/texlive/2016/texmf-dist/tex/latex/graphics/trig.sty
Package: trig 2016/01/03 v1.10 sin cos tan (DPC)
) (/usr/local/texlive/2016/texmf-dist/tex/latex/graphics-cfg/graphics.cfg
File: graphics.cfg 2016/01/02 v1.10 sample graphics configuration
)
Package graphics Info: Driver file: pdftex.def on input line 96.
 (/usr/local/texlive/2016/texmf-dist/tex/latex/pdftex-def/pdftex.def
File: pdftex.def 2011/05/27 v0.06d Graphics/color for pdfTeX
 (/usr/local/texlive/2016/texmf-dist/tex/generic/oberdiek/infwarerr.sty
Package: infwarerr 2016/05/16 v1.4 Providing info/warning/error messages (HO)
) (/usr/local/texlive/2016/texmf-dist/tex/generic/oberdiek/ltxcmds.sty
Package: ltxcmds 2016/05/16 v1.23 LaTeX kernel commands for general use (HO)
)
\Gread@gobject=\count95
))
\Gin@req@height=\dimen102
\Gin@req@width=\dimen103
) (/usr/local/texlive/2016/texmf-dist/tex/latex/amsfonts/amssymb.sty
Package: amssymb 2013/01/14 v3.01 AMS font symbols
 (/usr/local/texlive/2016/texmf-dist/tex/latex/amsfonts/amsfonts.sty
Package: amsfonts 2013/01/14 v3.01 Basic AMSFonts support
\@emptytoks=\toks17
\symAMSa=\mathgroup5
\symAMSb=\mathgroup6
LaTeX Font Info:    Overwriting math alphabet `\mathfrak' in version `bold'
(Font)                  U/euf/m/n --> U/euf/b/n on input line 106.
LaTeX Info: Redefining \frak on input line 111.
LaTeX Info: Redefining \Bbb on input line 113.
)) (/usr/local/texlive/2016/texmf-dist/tex/generic/epsf/epsf.sty
This is `epsf.tex' v2.7.4 <14 February 2011>
\epsffilein=\read1
\epsfframemargin=\dimen104
\epsfframethickness=\dimen105
\epsfrsize=\dimen106
\epsftmp=\dimen107
\epsftsize=\dimen108
\epsfxsize=\dimen109
\epsfysize=\dimen110
\pspoints=\dimen111
)
\rptnum=\count96
\rptloopnum=\count97
\fncount=\count98
\endfncount=\count99
\c@front@matter@foot@note=\count100
\keys@width=\skip47
\c@lastfootnote=\count101
\c@remember@figure@num=\count102
\c@remember@table@num=\count103
\bibskip=\skip48
\bibindent=\dimen112
\plot@width=\skip49
\c@table@save=\count104
\@abovenoteskip=\dimen113
\table@note@skip=\skip50
\deluxe@table@width=\skip51
\@d@t@a=\skip52
\c@deluxe@table@num=\count105
\LTcapwidth=\dimen114
\abovedeluxetableskip=\skip53
\belowdeluxetableskip=\skip54
\lastrowheight=\dimen115
\DT@p@ftn=\toks18
\pt@column=\count106
\pt@ncol=\count107
 (/Users/yaolun/Library/texmf/tex/latex/longtable.sty
Package: longtable 2004/02/01 v4.11 Multi-page Table package (DPC)
\LTleft=\skip55
\LTright=\skip56
\LTpre=\skip57
\LTpost=\skip58
\LTchunksize=\count108
\LTcapwidth=\dimen116
\LT@head=\box41
\LT@firsthead=\box42
\LT@foot=\box43
\LT@lastfoot=\box44
\LT@cols=\count109
\LT@rows=\count110
\c@LT@tables=\count111
\c@LT@chunks=\count112
\LT@p@ftn=\toks19
) (/usr/local/texlive/2016/texmf-dist/tex/latex/xcolor/xcolor.sty
Package: xcolor 2016/05/11 v2.12 LaTeX color extensions (UK)
 (/usr/local/texlive/2016/texmf-dist/tex/latex/graphics-cfg/color.cfg
File: color.cfg 2016/01/02 v1.6 sample color configuration
)
Package xcolor Info: Driver file: pdftex.def on input line 225.
Package xcolor Info: Model `cmy' substituted by `cmy0' on input line 1348.
Package xcolor Info: Model `hsb' substituted by `rgb' on input line 1352.
Package xcolor Info: Model `RGB' extended on input line 1364.
Package xcolor Info: Model `HTML' substituted by `rgb' on input line 1366.
Package xcolor Info: Model `Hsb' substituted by `hsb' on input line 1367.
Package xcolor Info: Model `tHsb' substituted by `hsb' on input line 1368.
Package xcolor Info: Model `HSB' substituted by `hsb' on input line 1369.
Package xcolor Info: Model `Gray' substituted by `gray' on input line 1370.
Package xcolor Info: Model `wave' substituted by `hsb' on input line 1371.
) (/usr/local/texlive/2016/texmf-dist/tex/latex/hyperref/hyperref.sty
Package: hyperref 2016/05/05 v6.83n Hypertext links for LaTeX
 (/usr/local/texlive/2016/texmf-dist/tex/generic/oberdiek/hobsub-hyperref.sty
Package: hobsub-hyperref 2016/05/16 v1.14 Bundle oberdiek, subset hyperref (HO)
 (/usr/local/texlive/2016/texmf-dist/tex/generic/oberdiek/hobsub-generic.sty
Package: hobsub-generic 2016/05/16 v1.14 Bundle oberdiek, subset generic (HO)
Package: hobsub 2016/05/16 v1.14 Construct package bundles (HO)
Package hobsub Info: Skipping package `infwarerr' (already loaded).
Package hobsub Info: Skipping package `ltxcmds' (already loaded).
Package: ifluatex 2016/05/16 v1.4 Provides the ifluatex switch (HO)
Package ifluatex Info: LuaTeX not detected.
Package: ifvtex 2016/05/16 v1.6 Detect VTeX and its facilities (HO)
Package ifvtex Info: VTeX not detected.
Package: intcalc 2016/05/16 v1.2 Expandable calculations with integers (HO)
Package: ifpdf 2016/05/14 v3.1 Provides the ifpdf switch
Package: etexcmds 2016/05/16 v1.6 Avoid name clashes with e-TeX commands (HO)
Package etexcmds Info: Could not find \expanded.
(etexcmds)             That can mean that you are not using pdfTeX 1.50 or
(etexcmds)             that some package has redefined \expanded.
(etexcmds)             In the latter case, load this package earlier.
Package: kvsetkeys 2016/05/16 v1.17 Key value parser (HO)
Package: kvdefinekeys 2016/05/16 v1.4 Define keys (HO)
Package: pdftexcmds 2016/05/10 v0.21 Utility functions of pdfTeX for LuaTeX (HO)
Package pdftexcmds Info: LuaTeX not detected.
Package pdftexcmds Info: \pdf@primitive is available.
Package pdftexcmds Info: \pdf@ifprimitive is available.
Package pdftexcmds Info: \pdfdraftmode found.
Package: pdfescape 2016/05/16 v1.14 Implements pdfTeX's escape features (HO)
Package: bigintcalc 2016/05/16 v1.4 Expandable calculations on big integers (HO)
Package: bitset 2016/05/16 v1.2 Handle bit-vector datatype (HO)
Package: uniquecounter 2016/05/16 v1.3 Provide unlimited unique counter (HO)
)
Package hobsub Info: Skipping package `hobsub' (already loaded).
Package: letltxmacro 2016/05/16 v1.5 Let assignment for LaTeX macros (HO)
Package: hopatch 2016/05/16 v1.3 Wrapper for package hooks (HO)
Package: xcolor-patch 2016/05/16 xcolor patch
Package: atveryend 2016/05/16 v1.9 Hooks at the very end of document (HO)
Package: atbegshi 2016/05/16 v1.17 At begin shipout hook (HO)
Package: refcount 2016/05/16 v3.5 Data extraction from label references (HO)
Package: hycolor 2016/05/16 v1.8 Color options for hyperref/bookmark (HO)
) (/usr/local/texlive/2016/texmf-dist/tex/generic/ifxetex/ifxetex.sty
Package: ifxetex 2010/09/12 v0.6 Provides ifxetex conditional
) (/usr/local/texlive/2016/texmf-dist/tex/latex/oberdiek/auxhook.sty
Package: auxhook 2016/05/16 v1.4 Hooks for auxiliary files (HO)
) (/usr/local/texlive/2016/texmf-dist/tex/latex/oberdiek/kvoptions.sty
Package: kvoptions 2016/05/16 v3.12 Key value format for package options (HO)
)
\@linkdim=\dimen117
\Hy@linkcounter=\count113
\Hy@pagecounter=\count114
 (/usr/local/texlive/2016/texmf-dist/tex/latex/hyperref/pd1enc.def
File: pd1enc.def 2016/05/05 v6.83n Hyperref: PDFDocEncoding definition (HO)
)
\Hy@SavedSpaceFactor=\count115
 (/usr/local/texlive/2016/texmf-dist/tex/latex/latexconfig/hyperref.cfg
File: hyperref.cfg 2002/06/06 v1.2 hyperref configuration of TeXLive
)
Package hyperref Info: Option `bookmarks' set `false' on input line 4322.
Package hyperref Info: Option `pdfnewwindow' set `true' on input line 4322.
Package hyperref Info: Option `colorlinks' set `true' on input line 4322.
Package hyperref Info: Option `final' set `true' on input line 4322.
Package hyperref Info: Hyper figures OFF on input line 4446.
Package hyperref Info: Link nesting OFF on input line 4451.
Package hyperref Info: Hyper index ON on input line 4454.
Package hyperref Info: Plain pages OFF on input line 4461.
Package hyperref Info: Backreferencing OFF on input line 4466.
Package hyperref Info: Implicit mode ON; LaTeX internals redefined.
Package hyperref Info: Bookmarks OFF on input line 4697.
LaTeX Info: Redefining \href on input line 4955.
\c@Hy@tempcnt=\count116
LaTeX Info: Redefining \url on input line 5044.
\XeTeXLinkMargin=\dimen118
\Fld@menulength=\count117
\Field@Width=\dimen119
\Fld@charsize=\dimen120
Package hyperref Info: Hyper figures OFF on input line 6298.
Package hyperref Info: Link nesting OFF on input line 6303.
Package hyperref Info: Hyper index ON on input line 6306.
Package hyperref Info: backreferencing OFF on input line 6313.
Package hyperref Info: Link coloring ON on input line 6316.
Package hyperref Info: Link coloring with OCG OFF on input line 6323.
Package hyperref Info: PDF/A mode OFF on input line 6328.
LaTeX Info: Redefining \ref on input line 6368.
LaTeX Info: Redefining \pageref on input line 6372.
\Hy@abspage=\count118
\c@Item=\count119
\c@Hfootnote=\count120
)

Package hyperref Message: Driver (autodetected): hpdftex.

(/usr/local/texlive/2016/texmf-dist/tex/latex/hyperref/hpdftex.def
File: hpdftex.def 2016/05/05 v6.83n Hyperref driver for pdfTeX
\Fld@listcount=\count121
\c@bookmark@seq@number=\count122
 (/usr/local/texlive/2016/texmf-dist/tex/latex/oberdiek/rerunfilecheck.sty
Package: rerunfilecheck 2016/05/16 v1.8 Rerun checks for auxiliary files (HO)
Package uniquecounter Info: New unique counter `rerunfilecheck' on input line 282.
)
\Hy@SectionHShift=\skip59
) (/Users/yaolun/Library/texmf/tex/latex/array.sty
Package: array 2008/09/09 v2.4c Tabular extension package (FMi)
\col@sep=\dimen121
\extrarowheight=\dimen122
\NC@list=\toks20
\extratabsurround=\skip60
\backup@length=\skip61
)
\colcount=\count123
\firstcolcount=\count124
\secondcolcount=\count125
\thirdcolcount=\count126
\columncount=\count127
\howmanyDs=\count128
\firsthowmanyDs=\count129
\secondhowmanyDs=\count130
\PartsOfTable=\count131
\columnoneandtwo=\count132
\colnumsused=\count133
\loopnum=\count134
\totalcolumncount=\count135
\totalcolumns=\count136
\firsttablebox=\box45
\secondtablebox=\box46
\thirdtablebox=\box47
\longtablebox=\box48
\splitbox=\box49
\movetabledown=\dimen123
\maxtablewidth=\dimen124
\savetabskip=\dimen125
\tempcounter=\count137
\colheadcount=\count138
\rotatetablebox=\box50
\colorcount=\count139
\refchangenumber=\count140
\listchangenum=\count141
 (/Users/yaolun/Library/texmf/tex/latex/ulem.sty
\UL@box=\box51
\UL@hyphenbox=\box52
\UL@skip=\skip62
\UL@hook=\toks21
\UL@height=\dimen126
\UL@pe=\count142
\UL@pixel=\dimen127
\ULC@box=\box53
Package: ulem 2012/05/18
\ULdepth=\dimen128
)
\AuthorCollaborationLimit=\count143
\largestAffilNum=\count144
\countauthors=\count145
\c@affilcount=\count146
\widetext@top=\box54
\widetext@bot=\box55
) (/usr/local/texlive/2016/texmf-dist/tex/latex/amsmath/amsmath.sty
Package: amsmath 2016/03/10 v2.15b AMS math features
\@mathmargin=\skip63

For additional information on amsmath, use the `?' option.
(/usr/local/texlive/2016/texmf-dist/tex/latex/amsmath/amstext.sty
Package: amstext 2000/06/29 v2.01 AMS text
 (/usr/local/texlive/2016/texmf-dist/tex/latex/amsmath/amsgen.sty
File: amsgen.sty 1999/11/30 v2.0 generic functions
\@emptytoks=\toks22
\ex@=\dimen129
)
LaTeX Info: Redefining \text on input line 28.
) (/usr/local/texlive/2016/texmf-dist/tex/latex/amsmath/amsbsy.sty
Package: amsbsy 1999/11/29 v1.2d Bold Symbols
\pmbraise@=\dimen130
) (/usr/local/texlive/2016/texmf-dist/tex/latex/amsmath/amsopn.sty
Package: amsopn 2016/03/08 v2.02 operator names
)
\inf@bad=\count147
LaTeX Info: Redefining \frac on input line 199.
\uproot@=\count148
\leftroot@=\count149
LaTeX Info: Redefining \overline on input line 297.
\classnum@=\count150
\DOTSCASE@=\count151
LaTeX Info: Redefining \ldots on input line 394.
LaTeX Info: Redefining \dots on input line 397.
LaTeX Info: Redefining \cdots on input line 518.
\Mathstrutbox@=\box56
\strutbox@=\box57
\big@size=\dimen131
LaTeX Font Info:    Redeclaring font encoding OML on input line 634.
LaTeX Font Info:    Redeclaring font encoding OMS on input line 635.
\macc@depth=\count152
\c@MaxMatrixCols=\count153
\dotsspace@=\muskip11
\c@parentequation=\count154
\dspbrk@lvl=\count155
\tag@help=\toks23
\row@=\count156
\column@=\count157
\maxfields@=\count158
\andhelp@=\toks24
\eqnshift@=\dimen132
\alignsep@=\dimen133
\tagshift@=\dimen134
\tagwidth@=\dimen135
\totwidth@=\dimen136
\lineht@=\dimen137
\@envbody=\toks25
\multlinegap=\skip64
\multlinetaggap=\skip65
\mathdisplay@stack=\toks26
LaTeX Info: Redefining \[ on input line 2739.
LaTeX Info: Redefining \] on input line 2740.
) (/Users/yaolun/Library/texmf/tex/latex/bm.sty
Package: bm 2004/02/26 v1.1c Bold Symbol Support (DPC/FMi)
\symboldoperators=\mathgroup7
\symboldletters=\mathgroup8
\symboldsymbols=\mathgroup9
\symboldlasy=\mathgroup10
LaTeX Font Info:    Redeclaring math alphabet \mathbf on input line 137.
LaTeX Info: Redefining \bm on input line 203.
) (/Users/yaolun/Library/texmf/tex/latex/etoolbox/etoolbox.sty
Package: etoolbox 2015/08/02 v2.2a e-TeX tools for LaTeX (JAW)
\etb@tempcnta=\count159


Package etoolbox Warning: Patching '\begin' failed!
(etoolbox)                '\AtBeginEnvironment' will not work.


Package etoolbox Warning: Patching '\end' failed!
(etoolbox)                '\AtEndEnvironment' will not work.


Package etoolbox Warning: Patching '\end' failed!
(etoolbox)                '\AfterEndEnvironment' will not work.

) (/usr/local/texlive/2016/texmf-dist/tex/latex/rotating/rotating.sty
Package: rotating 2009/03/28 v2.16a rotated objects in LaTeX
 (/usr/local/texlive/2016/texmf-dist/tex/latex/base/ifthen.sty
Package: ifthen 2014/09/29 v1.1c Standard LaTeX ifthen package (DPC)
)
\c@r@tfl@t=\count160
\rotFPtop=\skip66
\rotFPbot=\skip67
\rot@float@box=\box58
\rot@mess@toks=\toks27
) (/Users/yaolun/Library/texmf/tex/latex/booktabs.sty
Package: booktabs 2005/04/14 v1.61803 publication quality tables
\heavyrulewidth=\dimen138
\lightrulewidth=\dimen139
\cmidrulewidth=\dimen140
\belowrulesep=\dimen141
\belowbottomsep=\dimen142
\aboverulesep=\dimen143
\abovetopsep=\dimen144
\cmidrulesep=\dimen145
\cmidrulekern=\dimen146
\defaultaddspace=\dimen147
\@cmidla=\count161
\@cmidlb=\count162
\@aboverulesep=\dimen148
\@belowrulesep=\dimen149
\@thisruleclass=\count163
\@lastruleclass=\count164
\@thisrulewidth=\dimen150
)
Class revtex4-1 Info: Unrecognized array package. Please update this document class! (Proceeding with fingers crossed.) on input line 125.
Class revtex4-1 Info: Patching unrecognized longtable package. (Proceeding with fingers crossed) on input line 125.
Class revtex4-1 Info: Robustifying \LaTeX's \boldmath command on input line 125.
Class revtex4-1 Info: cite was not loaded (OK!) on input line 125.
Class revtex4-1 Info: mcite was not loaded (OK!) on input line 125.
Class revtex4-1 Info: multicol was not loaded (OK!) on input line 125.
 (/Volumes/SD/Google Drive/research/PEACHES/manuscript/peaches.aux)
\openout1 = `peaches.aux'.

LaTeX Font Info:    Checking defaults for OML/cmm/m/it on input line 125.
LaTeX Font Info:    ... okay on input line 125.
LaTeX Font Info:    Checking defaults for T1/cmr/m/n on input line 125.
LaTeX Font Info:    ... okay on input line 125.
LaTeX Font Info:    Checking defaults for OT1/cmr/m/n on input line 125.
LaTeX Font Info:    ... okay on input line 125.
LaTeX Font Info:    Checking defaults for OMS/cmsy/m/n on input line 125.
LaTeX Font Info:    ... okay on input line 125.
LaTeX Font Info:    Checking defaults for OMX/cmex/m/n on input line 125.
LaTeX Font Info:    ... okay on input line 125.
LaTeX Font Info:    Checking defaults for U/cmr/m/n on input line 125.
LaTeX Font Info:    ... okay on input line 125.
LaTeX Font Info:    Checking defaults for PD1/pdf/m/n on input line 125.
LaTeX Font Info:    ... okay on input line 125.
 (/usr/local/texlive/2016/texmf-dist/tex/context/base/mkii/supp-pdf.mkii
[Loading MPS to PDF converter (version 2006.09.02).]
\scratchcounter=\count165
\scratchdimen=\dimen151
\scratchbox=\box59
\nofMPsegments=\count166
\nofMParguments=\count167
\everyMPshowfont=\toks28
\MPscratchCnt=\count168
\MPscratchDim=\dimen152
\MPnumerator=\count169
\makeMPintoPDFobject=\count170
\everyMPtoPDFconversion=\toks29
) (/usr/local/texlive/2016/texmf-dist/tex/latex/oberdiek/epstopdf-base.sty
Package: epstopdf-base 2016/05/15 v2.6 Base part for package epstopdf
 (/usr/local/texlive/2016/texmf-dist/tex/latex/oberdiek/grfext.sty
Package: grfext 2016/05/16 v1.2 Manage graphics extensions (HO)
)
Package grfext Info: Graphics extension search list:
(grfext)             [.png,.pdf,.jpg,.mps,.jpeg,.jbig2,.jb2,.PNG,.PDF,.JPG,.JPEG,.JBIG2,.JB2,.eps]
(grfext)             \AppendGraphicsExtensions on input line 456.
 (/usr/local/texlive/2016/texmf-dist/tex/latex/latexconfig/epstopdf-sys.cfg
File: epstopdf-sys.cfg 2010/07/13 v1.3 Configuration of (r)epstopdf for TeX Live
))
\AtBeginShipoutBox=\box60
Package hyperref Info: Link coloring ON on input line 125.
 (/usr/local/texlive/2016/texmf-dist/tex/latex/hyperref/nameref.sty
Package: nameref 2012/10/27 v2.43 Cross-referencing by name of section
 (/usr/local/texlive/2016/texmf-dist/tex/generic/oberdiek/gettitlestring.sty
Package: gettitlestring 2016/05/16 v1.5 Cleanup title references (HO)
)
\c@section@level=\count171
)
LaTeX Info: Redefining \ref on input line 125.
LaTeX Info: Redefining \pageref on input line 125.
LaTeX Info: Redefining \nameref on input line 125.
LaTeX Font Info:    Try loading font information for U+lasy on input line 137.
 (/usr/local/texlive/2016/texmf-dist/tex/latex/base/ulasy.fd
File: ulasy.fd 1998/08/17 v2.2e LaTeX symbol font definitions
)
LaTeX Font Info:    Try loading font information for U+msa on input line 137.
 (/usr/local/texlive/2016/texmf-dist/tex/latex/amsfonts/umsa.fd
File: umsa.fd 2013/01/14 v3.01 AMS symbols A
)
LaTeX Font Info:    Try loading font information for U+msb on input line 137.
 (/usr/local/texlive/2016/texmf-dist/tex/latex/amsfonts/umsb.fd
File: umsb.fd 2013/01/14 v3.01 AMS symbols B
)
LaTeX Font Info:    Font shape `U/lasy/b/n' in size <7> not available
(Font)              Font shape `U/lasy/m/n' tried instead on input line 137.
LaTeX Font Info:    Font shape `U/lasy/b/n' in size <5> not available
(Font)              Font shape `U/lasy/m/n' tried instead on input line 137.
LaTeX Font Info:    Font shape `U/lasy/b/n' in size <8> not available
(Font)              Font shape `U/lasy/m/n' tried instead on input line 137.
LaTeX Font Info:    Font shape `U/lasy/b/n' in size <6> not available
(Font)              Font shape `U/lasy/m/n' tried instead on input line 137.
LaTeX Font Info:    Font shape `U/lasy/b/n' in size <9> not available
(Font)              Font shape `U/lasy/m/n' tried instead on input line 144.
 [1{/usr/local/texlive/2016/texmf-var/fonts/map/pdftex/updmap/pdftex.map}]
Underfull \hbox (badness 10000) detected at line 212
$\OML/cmm/m/it/7 a$
 []

(/Volumes/SD/Google Drive/research/PEACHES/manuscript/sources.tex
Underfull \hbox (badness 10000) detected at line 63
$\OML/cmm/m/it/7 a$
 []

) [2] [3] [4]
LaTeX Font Info:    Try loading font information for OMS+cmr on input line 241.
 (/usr/local/texlive/2016/texmf-dist/tex/latex/base/omscmr.fd
File: omscmr.fd 2014/09/29 v2.5h Standard LaTeX font definitions
)
LaTeX Font Info:    Font shape `OMS/cmr/m/n' in size <10> not available
(Font)              Font shape `OMS/cmsy/m/n' tried instead on input line 241.

Underfull \hbox (badness 1342) in paragraph at lines 241--242
[]\OT1/cmr/m/n/10 Extracting spec-tra: We use the CASA task
 []

<all_continuum.pdf, id=157, 1727.17047pt x 2083.76907pt>
File: all_continuum.pdf Graphic file (type pdf)
 <use all_continuum.pdf>
Package pdftex.def Info: all_continuum.pdf used on input line 248.
(pdftex.def)             Requested size: 513.11743pt x 619.06258pt.
 <Set1_ID02_CH3OH_243915.pdf, id=158, 536.36855pt x 435.42894pt>
File: Set1_ID02_CH3OH_243915.pdf Graphic file (type pdf)
 <use Set1_ID02_CH3OH_243915.pdf>
Package pdftex.def Info: Set1_ID02_CH3OH_243915.pdf used on input line 255.
(pdftex.def)             Requested size: 123.151pt x 99.97379pt.
 <Set1_ID02_CH3CN_257527.pdf, id=159, 536.36855pt x 435.42894pt>
File: Set1_ID02_CH3CN_257527.pdf Graphic file (type pdf)
 <use Set1_ID02_CH3CN_257527.pdf>
Package pdftex.def Info: Set1_ID02_CH3CN_257527.pdf used on input line 256.
(pdftex.def)             Requested size: 123.151pt x 99.97379pt.
 <Set1_ID02_CH3OCHO_259342.pdf, id=160, 536.36855pt x 435.42894pt>
File: Set1_ID02_CH3OCHO_259342.pdf Graphic file (type pdf)
 <use Set1_ID02_CH3OCHO_259342.pdf>
Package pdftex.def Info: Set1_ID02_CH3OCHO_259342.pdf used on input line 257.
(pdftex.def)             Requested size: 123.151pt x 99.97379pt.
 <Set1_ID02_CH3OCH3_259311.pdf, id=161, 527.42891pt x 435.42894pt>
File: Set1_ID02_CH3OCH3_259311.pdf Graphic file (type pdf)
 <use Set1_ID02_CH3OCH3_259311.pdf>
Package pdftex.def Info: Set1_ID02_CH3OCH3_259311.pdf used on input line 258.
(pdftex.def)             Requested size: 123.151pt x 101.66805pt.
 <Set2_ID00_CH3OH_243915.pdf, id=162, 545.3082pt x 435.42894pt>
File: Set2_ID00_CH3OH_243915.pdf Graphic file (type pdf)
 <use Set2_ID00_CH3OH_243915.pdf>
Package pdftex.def Info: Set2_ID00_CH3OH_243915.pdf used on input line 260.
(pdftex.def)             Requested size: 123.151pt x 98.3327pt.
 <Set2_ID00_CH3CN_257527.pdf, id=163, 545.3082pt x 435.42894pt>
File: Set2_ID00_CH3CN_257527.pdf Graphic file (type pdf)
 <use Set2_ID00_CH3CN_257527.pdf>
Package pdftex.def Info: Set2_ID00_CH3CN_257527.pdf used on input line 261.
(pdftex.def)             Requested size: 123.151pt x 98.3327pt.
 <Set2_ID00_CH3OCHO_259342.pdf, id=164, 545.3082pt x 435.42894pt>
File: Set2_ID00_CH3OCHO_259342.pdf Graphic file (type pdf)
 <use Set2_ID00_CH3OCHO_259342.pdf>
Package pdftex.def Info: Set2_ID00_CH3OCHO_259342.pdf used on input line 262.
(pdftex.def)             Requested size: 123.151pt x 98.3327pt.
 <Set2_ID00_CH3OCH3_259311.pdf, id=165, 536.36855pt x 435.42894pt>
File: Set2_ID00_CH3OCH3_259311.pdf Graphic file (type pdf)
 <use Set2_ID00_CH3OCH3_259311.pdf>
Package pdftex.def Info: Set2_ID00_CH3OCH3_259311.pdf used on input line 263.
(pdftex.def)             Requested size: 123.151pt x 99.97379pt.
 <Set3_ID00_CH3OH_243915.pdf, id=166, 536.36855pt x 435.42894pt>
File: Set3_ID00_CH3OH_243915.pdf Graphic file (type pdf)
 <use Set3_ID00_CH3OH_243915.pdf>
Package pdftex.def Info: Set3_ID00_CH3OH_243915.pdf used on input line 265.
(pdftex.def)             Requested size: 123.151pt x 99.97379pt.
 <Set3_ID00_CH3CN_257527.pdf, id=167, 536.36855pt x 435.42894pt>
File: Set3_ID00_CH3CN_257527.pdf Graphic file (type pdf)
 <use Set3_ID00_CH3CN_257527.pdf>
Package pdftex.def Info: Set3_ID00_CH3CN_257527.pdf used on input line 266.
(pdftex.def)             Requested size: 123.151pt x 99.97379pt.
 <Set3_ID00_CH3OCHO_259342.pdf, id=168, 536.36855pt x 435.42894pt>
File: Set3_ID00_CH3OCHO_259342.pdf Graphic file (type pdf)
 <use Set3_ID00_CH3OCHO_259342.pdf>
Package pdftex.def Info: Set3_ID00_CH3OCHO_259342.pdf used on input line 267.
(pdftex.def)             Requested size: 123.151pt x 99.97379pt.
 <Set3_ID00_CH3OCH3_259311.pdf, id=169, 536.36855pt x 435.42894pt>
File: Set3_ID00_CH3OCH3_259311.pdf Graphic file (type pdf)
 <use Set3_ID00_CH3OCH3_259311.pdf>
Package pdftex.def Info: Set3_ID00_CH3OCH3_259311.pdf used on input line 268.
(pdftex.def)             Requested size: 123.151pt x 99.97379pt.
 <Set3_ID01_CH3OH_243915.pdf, id=170, 536.36855pt x 435.42894pt>
File: Set3_ID01_CH3OH_243915.pdf Graphic file (type pdf)
 <use Set3_ID01_CH3OH_243915.pdf>
Package pdftex.def Info: Set3_ID01_CH3OH_243915.pdf used on input line 270.
(pdftex.def)             Requested size: 123.151pt x 99.97379pt.
 <Set3_ID01_CH3CN_257527.pdf, id=171, 536.36855pt x 435.42894pt>
File: Set3_ID01_CH3CN_257527.pdf Graphic file (type pdf)
 <use Set3_ID01_CH3CN_257527.pdf>
Package pdftex.def Info: Set3_ID01_CH3CN_257527.pdf used on input line 271.
(pdftex.def)             Requested size: 123.151pt x 99.97379pt.
 <Set3_ID01_CH3OCHO_259342.pdf, id=172, 536.36855pt x 435.42894pt>
File: Set3_ID01_CH3OCHO_259342.pdf Graphic file (type pdf)
 <use Set3_ID01_CH3OCHO_259342.pdf>
Package pdftex.def Info: Set3_ID01_CH3OCHO_259342.pdf used on input line 272.
(pdftex.def)             Requested size: 123.151pt x 99.97379pt.
 <Set3_ID01_CH3OCH3_259311.pdf, id=173, 527.42891pt x 435.42894pt>
File: Set3_ID01_CH3OCH3_259311.pdf Graphic file (type pdf)
 <use Set3_ID01_CH3OCH3_259311.pdf>
Package pdftex.def Info: Set3_ID01_CH3OCH3_259311.pdf used on input line 273.
(pdftex.def)             Requested size: 123.151pt x 101.66805pt.
 <Set3_ID07_CH3OH_243915.pdf, id=174, 527.42891pt x 435.42894pt>
File: Set3_ID07_CH3OH_243915.pdf Graphic file (type pdf)
 <use Set3_ID07_CH3OH_243915.pdf>
Package pdftex.def Info: Set3_ID07_CH3OH_243915.pdf used on input line 275.
(pdftex.def)             Requested size: 123.151pt x 101.66805pt.
 <Set3_ID07_CH3CN_257527.pdf, id=175, 527.42891pt x 435.42894pt>
File: Set3_ID07_CH3CN_257527.pdf Graphic file (type pdf)
 <use Set3_ID07_CH3CN_257527.pdf>
Package pdftex.def Info: Set3_ID07_CH3CN_257527.pdf used on input line 276.
(pdftex.def)             Requested size: 123.151pt x 101.66805pt.
 <Set3_ID07_CH3OCHO_259342.pdf, id=176, 536.36855pt x 435.42894pt>
File: Set3_ID07_CH3OCHO_259342.pdf Graphic file (type pdf)
 <use Set3_ID07_CH3OCHO_259342.pdf>
Package pdftex.def Info: Set3_ID07_CH3OCHO_259342.pdf used on input line 277.
(pdftex.def)             Requested size: 123.151pt x 99.97379pt.
 <Set3_ID07_CH3OCH3_259311.pdf, id=177, 527.42891pt x 435.42894pt>
File: Set3_ID07_CH3OCH3_259311.pdf Graphic file (type pdf)
 <use Set3_ID07_CH3OCH3_259311.pdf>
Package pdftex.def Info: Set3_ID07_CH3OCH3_259311.pdf used on input line 278.
(pdftex.def)             Requested size: 123.151pt x 101.66805pt.


LaTeX Warning: Reference `tbl:line_id' on page 5 undefined on input line 292.

[5] [6 </Volumes/SD/Google Drive/research/PEACHES/manuscript/all_continuum.pdf>]

LaTeX Warning: A float is stuck (cannot be placed) on input line 297.

[7 </Volumes/SD/Google Drive/research/PEACHES/manuscript/Set1_ID02_CH3OH_243915.pdf> </Volumes/SD/Google Drive/research/PEACHES/manuscript/Set1_ID02_CH3CN_257527.pdf

pdfTeX warning: pdflatex (file /Volumes/SD/Google Drive/research/PEACHES/manuscript/Set1_ID02_CH3CN_257527.pdf): PDF inclusion: multiple pdfs with page group included in a single page
> </Volumes/SD/Google Drive/research/PEACHES/manuscript/Set1_ID02_CH3OCHO_259342.pdf

pdfTeX warning: pdflatex (file /Volumes/SD/Google Drive/research/PEACHES/manuscript/Set1_ID02_CH3OCHO_259342.pdf): PDF inclusion: multiple pdfs with page group included in a single page
> </Volumes/SD/Google Drive/research/PEACHES/manuscript/Set1_ID02_CH3OCH3_259311.pdf

pdfTeX warning: pdflatex (file /Volumes/SD/Google Drive/research/PEACHES/manuscript/Set1_ID02_CH3OCH3_259311.pdf): PDF inclusion: multiple pdfs with page group included in a single page
> </Volumes/SD/Google Drive/research/PEACHES/manuscript/Set2_ID00_CH3OH_243915.pdf

pdfTeX warning: pdflatex (file /Volumes/SD/Google Drive/research/PEACHES/manuscript/Set2_ID00_CH3OH_243915.pdf): PDF inclusion: multiple pdfs with page group included in a single page
> </Volumes/SD/Google Drive/research/PEACHES/manuscript/Set2_ID00_CH3CN_257527.pdf

pdfTeX warning: pdflatex (file /Volumes/SD/Google Drive/research/PEACHES/manuscript/Set2_ID00_CH3CN_257527.pdf): PDF inclusion: multiple pdfs with page group included in a single page
> </Volumes/SD/Google Drive/research/PEACHES/manuscript/Set2_ID00_CH3OCHO_259342.pdf

pdfTeX warning: pdflatex (file /Volumes/SD/Google Drive/research/PEACHES/manuscript/Set2_ID00_CH3OCHO_259342.pdf): PDF inclusion: multiple pdfs with page group included in a single page
> </Volumes/SD/Google Drive/research/PEACHES/manuscript/Set2_ID00_CH3OCH3_259311.pdf

pdfTeX warning: pdflatex (file /Volumes/SD/Google Drive/research/PEACHES/manuscript/Set2_ID00_CH3OCH3_259311.pdf): PDF inclusion: multiple pdfs with page group included in a single page
> </Volumes/SD/Google Drive/research/PEACHES/manuscript/Set3_ID00_CH3OH_243915.pdf

pdfTeX warning: pdflatex (file /Volumes/SD/Google Drive/research/PEACHES/manuscript/Set3_ID00_CH3OH_243915.pdf): PDF inclusion: multiple pdfs with page group included in a single page
> </Volumes/SD/Google Drive/research/PEACHES/manuscript/Set3_ID00_CH3CN_257527.pdf

pdfTeX warning: pdflatex (file /Volumes/SD/Google Drive/research/PEACHES/manuscript/Set3_ID00_CH3CN_257527.pdf): PDF inclusion: multiple pdfs with page group included in a single page
> </Volumes/SD/Google Drive/research/PEACHES/manuscript/Set3_ID00_CH3OCHO_259342.pdf

pdfTeX warning: pdflatex (file /Volumes/SD/Google Drive/research/PEACHES/manuscript/Set3_ID00_CH3OCHO_259342.pdf): PDF inclusion: multiple pdfs with page group included in a single page
> </Volumes/SD/Google Drive/research/PEACHES/manuscript/Set3_ID00_CH3OCH3_259311.pdf

pdfTeX warning: pdflatex (file /Volumes/SD/Google Drive/research/PEACHES/manuscript/Set3_ID00_CH3OCH3_259311.pdf): PDF inclusion: multiple pdfs with page group included in a single page
> </Volumes/SD/Google Drive/research/PEACHES/manuscript/Set3_ID01_CH3OH_243915.pdf

pdfTeX warning: pdflatex (file /Volumes/SD/Google Drive/research/PEACHES/manuscript/Set3_ID01_CH3OH_243915.pdf): PDF inclusion: multiple pdfs with page group included in a single page
> </Volumes/SD/Google Drive/research/PEACHES/manuscript/Set3_ID01_CH3CN_257527.pdf

pdfTeX warning: pdflatex (file /Volumes/SD/Google Drive/research/PEACHES/manuscript/Set3_ID01_CH3CN_257527.pdf): PDF inclusion: multiple pdfs with page group included in a single page
> </Volumes/SD/Google Drive/research/PEACHES/manuscript/Set3_ID01_CH3OCHO_259342.pdf

pdfTeX warning: pdflatex (file /Volumes/SD/Google Drive/research/PEACHES/manuscript/Set3_ID01_CH3OCHO_259342.pdf): PDF inclusion: multiple pdfs with page group included in a single page
> </Volumes/SD/Google Drive/research/PEACHES/manuscript/Set3_ID01_CH3OCH3_259311.pdf

pdfTeX warning: pdflatex (file /Volumes/SD/Google Drive/research/PEACHES/manuscript/Set3_ID01_CH3OCH3_259311.pdf): PDF inclusion: multiple pdfs with page group included in a single page
> </Volumes/SD/Google Drive/research/PEACHES/manuscript/Set3_ID07_CH3OH_243915.pdf

pdfTeX warning: pdflatex (file /Volumes/SD/Google Drive/research/PEACHES/manuscript/Set3_ID07_CH3OH_243915.pdf): PDF inclusion: multiple pdfs with page group included in a single page
> </Volumes/SD/Google Drive/research/PEACHES/manuscript/Set3_ID07_CH3CN_257527.pdf

pdfTeX warning: pdflatex (file /Volumes/SD/Google Drive/research/PEACHES/manuscript/Set3_ID07_CH3CN_257527.pdf): PDF inclusion: multiple pdfs with page group included in a single page
> </Volumes/SD/Google Drive/research/PEACHES/manuscript/Set3_ID07_CH3OCHO_259342.pdf

pdfTeX warning: pdflatex (file /Volumes/SD/Google Drive/research/PEACHES/manuscript/Set3_ID07_CH3OCHO_259342.pdf): PDF inclusion: multiple pdfs with page group included in a single page
> </Volumes/SD/Google Drive/research/PEACHES/manuscript/Set3_ID07_CH3OCH3_259311.pdf

pdfTeX warning: pdflatex (file /Volumes/SD/Google Drive/research/PEACHES/manuscript/Set3_ID07_CH3OCH3_259311.pdf): PDF inclusion: multiple pdfs with page group included in a single page
>] [8] <stats.pdf, id=1620, 1046.1082pt x 801.65955pt>
File: stats.pdf Graphic file (type pdf)
 <use stats.pdf>
Package pdftex.def Info: stats.pdf used on input line 320.
(pdftex.def)             Requested size: 513.11743pt x 393.22028pt.
 <detection_summary_all.pdf, id=1621, 1044.42993pt x 452.72795pt>
File: detection_summary_all.pdf Graphic file (type pdf)
 <use detection_summary_all.pdf>
Package pdftex.def Info: detection_summary_all.pdf used on input line 327.
(pdftex.def)             Requested size: 513.11743pt x 222.42581pt.
 <detection_summary_Tb.pdf, id=1628, 889.97177pt x 452.72795pt>
File: detection_summary_Tb.pdf Graphic file (type pdf)
 <use detection_summary_Tb.pdf>
Package pdftex.def Info: detection_summary_Tb.pdf used on input line 334.
(pdftex.def)             Requested size: 513.11743pt x 261.02808pt.
 <Set1_ID03_2.pdf, id=1633, 518.30331pt x 389.49954pt>
File: Set1_ID03_2.pdf Graphic file (type pdf)
 <use Set1_ID03_2.pdf>
Package pdftex.def Info: Set1_ID03_2.pdf used on input line 366.
(pdftex.def)             Requested size: 241.16582pt x 181.23427pt.
 <Set1_ID03_2_rot_temps.pdf, id=1634, 524.7448pt x 388.91925pt>
File: Set1_ID03_2_rot_temps.pdf Graphic file (type pdf)
 <use Set1_ID03_2_rot_temps.pdf>
Package pdftex.def Info: Set1_ID03_2_rot_temps.pdf used on input line 367.
(pdftex.def)             Requested size: 241.16582pt x 178.74478pt.
 [9] <Ncol_ch3oh_ch3cn.pdf, id=1652, 978.51198pt x 716.88261pt>
File: Ncol_ch3oh_ch3cn.pdf Graphic file (type pdf)
 <use Ncol_ch3oh_ch3cn.pdf>
Package pdftex.def Info: Ncol_ch3oh_ch3cn.pdf used on input line 420.
(pdftex.def)             Requested size: 241.16582pt x 176.68242pt.
 <pearson_r_ch3oh_ch3cn.pdf, id=1653, 536.28658pt x 388.91925pt>
File: pearson_r_ch3oh_ch3cn.pdf Graphic file (type pdf)
 <use pearson_r_ch3oh_ch3cn.pdf>
Package pdftex.def Info: pearson_r_ch3oh_ch3cn.pdf used on input line 427.
(pdftex.def)             Requested size: 241.16582pt x 174.89334pt.
 <corner_Ncol_correlations.pdf, id=1654, 712.35196pt x 712.13239pt>
File: corner_Ncol_correlations.pdf Graphic file (type pdf)
 <use corner_Ncol_correlations.pdf>
Package pdftex.def Info: corner_Ncol_correlations.pdf used on input line 434.
(pdftex.def)             Requested size: 513.11743pt x 512.98485pt.
 <corner_Ncol_correlations_combined_norm.pdf, id=1659, 713.41641pt x 712.13239pt>
File: corner_Ncol_correlations_combined_norm.pdf Graphic file (type pdf)
 <use corner_Ncol_correlations_combined_norm.pdf>
Package pdftex.def Info: corner_Ncol_correlations_combined_norm.pdf used on input line 441.
(pdftex.def)             Requested size: 513.11743pt x 512.21335pt.
 <Ncol_major_minor.pdf, id=1662, 1145.97202pt x 2302.07245pt>
File: Ncol_major_minor.pdf Graphic file (type pdf)
 <use Ncol_major_minor.pdf>
Package pdftex.def Info: Ncol_major_minor.pdf used on input line 448.
(pdftex.def)             Requested size: 323.77267pt x 650.43pt.


LaTeX Warning: Float too large for page by 36.8611pt on input line 451.

<ratio_ch3cn_ch3oh.pdf, id=1665, 527.90805pt x 563.22922pt>
File: ratio_ch3cn_ch3oh.pdf Graphic file (type pdf)
 <use ratio_ch3cn_ch3oh.pdf>
Package pdftex.def Info: ratio_ch3cn_ch3oh.pdf used on input line 458.
(pdftex.def)             Requested size: 241.16582pt x 257.30098pt.
 <ratio_ch3och3_ch3ocho.pdf, id=1666, 528.02267pt x 562.80338pt>
File: ratio_ch3och3_ch3ocho.pdf Graphic file (type pdf)
 <use ratio_ch3och3_ch3ocho.pdf>
Package pdftex.def Info: ratio_ch3och3_ch3ocho.pdf used on input line 459.
(pdftex.def)             Requested size: 241.16582pt x 257.04634pt.
 <ratio_ch3ocho_ch3oh.pdf, id=1667, 527.8972pt x 563.22922pt>
File: ratio_ch3ocho_ch3oh.pdf Graphic file (type pdf)
 <use ratio_ch3ocho_ch3oh.pdf>
Package pdftex.def Info: ratio_ch3ocho_ch3oh.pdf used on input line 460.
(pdftex.def)             Requested size: 241.16582pt x 257.30098pt.
 <ratio_ch3och3_ch3oh.pdf, id=1668, 527.8972pt x 562.80019pt>
File: ratio_ch3och3_ch3oh.pdf Graphic file (type pdf)
 <use ratio_ch3och3_ch3oh.pdf>
Package pdftex.def Info: ratio_ch3och3_ch3oh.pdf used on input line 461.
(pdftex.def)             Requested size: 241.16582pt x 257.105pt.
 [10 </Volumes/SD/Google Drive/research/PEACHES/manuscript/stats.pdf>] [11 </Volumes/SD/Google Drive/research/PEACHES/manuscript/detection_summary_all.pdf> </Volumes/SD/Google Drive/research/PEACHES/manuscript/detection_summary_Tb.pdf

pdfTeX warning: pdflatex (file /Volumes/SD/Google Drive/research/PEACHES/manuscript/detection_summary_Tb.pdf): PDF inclusion: multiple pdfs with page group included in a single page
>]

LaTeX Warning: A float is stuck (cannot be placed) on input line 472.

[12 </Volumes/SD/Google Drive/research/PEACHES/manuscript/Set1_ID03_2.pdf> </Volumes/SD/Google Drive/research/PEACHES/manuscript/Set1_ID03_2_rot_temps.pdf

pdfTeX warning: pdflatex (file /Volumes/SD/Google Drive/research/PEACHES/manuscript/Set1_ID03_2_rot_temps.pdf): PDF inclusion: multiple pdfs with page group included in a single page
>]

LaTeX Warning: A float is stuck (cannot be placed) on input line 472.


Class revtex4-1 Warning: Deferred float stuck during \clearpage processing.

[13 </Volumes/SD/Google Drive/research/PEACHES/manuscript/Ncol_ch3oh_ch3cn.pdf> </Volumes/SD/Google Drive/research/PEACHES/manuscript/pearson_r_ch3oh_ch3cn.pdf

pdfTeX warning: pdflatex (file /Volumes/SD/Google Drive/research/PEACHES/manuscript/pearson_r_ch3oh_ch3cn.pdf): PDF inclusion: multiple pdfs with page group included in a single page
>]

LaTeX Warning: Reference `tbl:line_id' on page 14 undefined on input line 531.

[14 </Volumes/SD/Google Drive/research/PEACHES/manuscript/corner_Ncol_correlations.pdf>] [15 </Volumes/SD/Google Drive/research/PEACHES/manuscript/corner_Ncol_correlations_combined_norm.pdf>] [16 </Volumes/SD/Google Drive/research/PEACHES/manuscript/Ncol_major_minor.pdf>] <Ncol_ch3oh_cch.pdf, id=2253, 977.93169pt x 716.88261pt>
File: Ncol_ch3oh_cch.pdf Graphic file (type pdf)
 <use Ncol_ch3oh_cch.pdf>
Package pdftex.def Info: Ncol_ch3oh_cch.pdf used on input line 543.
(pdftex.def)             Requested size: 241.16582pt x 176.78087pt.
 <all_cch.pdf, id=2254, 1527.61021pt x 1581.56055pt>
File: all_cch.pdf Graphic file (type pdf)
 <use all_cch.pdf>
Package pdftex.def Info: all_cch.pdf used on input line 550.
(pdftex.def)             Requested size: 513.11743pt x 531.2318pt.
 (/Volumes/SD/Google Drive/research/PEACHES/manuscript/source_note.tex [17 </Volumes/SD/Google Drive/research/PEACHES/manuscript/ratio_ch3cn_ch3oh.pdf> </Volumes/SD/Google Drive/research/PEACHES/manuscript/ratio_ch3och3_ch3ocho.pdf

pdfTeX warning: pdflatex (file /Volumes/SD/Google Drive/research/PEACHES/manuscript/ratio_ch3och3_ch3ocho.pdf): PDF inclusion: multiple pdfs with page group included in a single page
> </Volumes/SD/Google Drive/research/PEACHES/manuscript/ratio_ch3ocho_ch3oh.pdf

pdfTeX warning: pdflatex (file /Volumes/SD/Google Drive/research/PEACHES/manuscript/ratio_ch3ocho_ch3oh.pdf): PDF inclusion: multiple pdfs with page group included in a single page
> </Volumes/SD/Google Drive/research/PEACHES/manuscript/ratio_ch3och3_ch3oh.pdf

pdfTeX warning: pdflatex (file /Volumes/SD/Google Drive/research/PEACHES/manuscript/ratio_ch3och3_ch3oh.pdf): PDF inclusion: multiple pdfs with page group included in a single page
>]
Overfull \hbox (3.83058pt too wide) in paragraph at lines 66--67
[]\foo Unidentified lines at 244248[], 246219[], 246254[], 246344[], 246389[], 246434[], 246525[],
 []


Overfull \hbox (3.83058pt too wide) in paragraph at lines 72--73
[]\foo Unidentified lines at 244248[], 246254[], 246314[], 246322[], 246389[], 246434[], 246525[],
 []

[18 </Volumes/SD/Google Drive/research/PEACHES/manuscript/Ncol_ch3oh_cch.pdf>] [19 </Volumes/SD/Google Drive/research/PEACHES/manuscript/all_cch.pdf>]
Overfull \hbox (3.83058pt too wide) in paragraph at lines 89--91
[]\foo Unidentified lines at 244248[], 246254[], 246331[], 246344[], 246434[], 246525[], 246838[],
 []


Overfull \hbox (3.83058pt too wide) in paragraph at lines 97--98
[]\foo Unidentified lines at 244232[], 244248[], 246207[], 246254[], 246388[], 246435[], 246525[],
 []

) (/Volumes/SD/Google Drive/research/PEACHES/manuscript/peaches.bbl [20]) [21]
Package atveryend Info: Executing hook `AtVeryEndDocument' on input line 560.
Package atveryend Info: Empty hook `AfterLastShipout' on input line 560.
 (/Volumes/SD/Google Drive/research/PEACHES/manuscript/peaches.aux)
Package atveryend Info: Empty hook `AtEndAfterFileList' on input line 560.


LaTeX Warning: There were undefined references.

 ) 
Here is how much of TeX's memory you used:
 10464 strings out of 493014
 148358 string characters out of 6133351
 397519 words of memory out of 5000000
 13685 multiletter control sequences out of 15000+600000
 20216 words of font info for 77 fonts, out of 8000000 for 9000
 1141 hyphenation exceptions out of 8191
 36i,13n,37p,2625b,430s stack positions out of 5000i,500n,10000p,200000b,80000s
</usr/local/texlive/2016/texmf-dist/fonts/type1/public/amsfonts/cm/cmbx10.pfb></usr/local/texlive/2016/texmf-dist/fonts/type1/public/amsfonts/cm/cmbx7.pfb></usr/local/texlive/2016/texmf-dist/fonts/type1/public/amsfonts/cm/cmbx8.pfb></usr/local/texlive/2016/texmf-dist/fonts/type1/public/amsfonts/cm/cmbx9.pfb></usr/local/texlive/2016/texmf-dist/fonts/type1/public/amsfonts/cm/cmcsc10.pfb></usr/local/texlive/2016/texmf-dist/fonts/type1/public/amsfonts/cm/cmmi10.pfb></usr/local/texlive/2016/texmf-dist/fonts/type1/public/amsfonts/cm/cmmi5.pfb></usr/local/texlive/2016/texmf-dist/fonts/type1/public/amsfonts/cm/cmmi6.pfb></usr/local/texlive/2016/texmf-dist/fonts/type1/public/amsfonts/cm/cmmi7.pfb></usr/local/texlive/2016/texmf-dist/fonts/type1/public/amsfonts/cm/cmmi9.pfb></usr/local/texlive/2016/texmf-dist/fonts/type1/public/amsfonts/cm/cmr10.pfb></usr/local/texlive/2016/texmf-dist/fonts/type1/public/amsfonts/cm/cmr5.pfb></usr/local/texlive/2016/texmf-dist/fonts/type1/public/amsfonts/cm/cmr6.pfb></usr/local/texlive/2016/texmf-dist/fonts/type1/public/amsfonts/cm/cmr7.pfb></usr/local/texlive/2016/texmf-dist/fonts/type1/public/amsfonts/cm/cmr8.pfb></usr/local/texlive/2016/texmf-dist/fonts/type1/public/amsfonts/cm/cmr9.pfb></usr/local/texlive/2016/texmf-dist/fonts/type1/public/amsfonts/cm/cmsy10.pfb></usr/local/texlive/2016/texmf-dist/fonts/type1/public/amsfonts/cm/cmsy5.pfb></usr/local/texlive/2016/texmf-dist/fonts/type1/public/amsfonts/cm/cmsy6.pfb></usr/local/texlive/2016/texmf-dist/fonts/type1/public/amsfonts/cm/cmsy7.pfb></usr/local/texlive/2016/texmf-dist/fonts/type1/public/amsfonts/cm/cmsy9.pfb></usr/local/texlive/2016/texmf-dist/fonts/type1/public/amsfonts/cm/cmti10.pfb></usr/local/texlive/2016/texmf-dist/fonts/type1/public/amsfonts/cm/cmti12.pfb></usr/local/texlive/2016/texmf-dist/fonts/type1/public/amsfonts/cm/cmti8.pfb></usr/local/texlive/2016/texmf-dist/fonts/type1/public/amsfonts/cm/cmti9.pfb></usr/local/texlive/2016/texmf-dist/fonts/type1/public/amsfonts/cm/cmtt10.pfb></usr/local/texlive/2016/texmf-dist/fonts/type1/public/amsfonts/symbols/msam10.pfb>
Output written on "/Volumes/SD/Google Drive/research/PEACHES/manuscript/peaches.pdf" (21 pages, 3418442 bytes).
PDF statistics:
 2669 PDF objects out of 2984 (max. 8388607)
 804 compressed objects within 9 object streams
 135 named destinations out of 1000 (max. 500000)
 186 words of extra memory for PDF output out of 10000 (max. 10000000)

